Determining if the pthread_create exist failed with the following output:
Change Dir: /root/constella-test/cryptonote/CMakeFiles/CMakeTmp

Run Build Command:"/usr/bin/make" "cmTC_6f905/fast"
/usr/bin/make -f CMakeFiles/cmTC_6f905.dir/build.make CMakeFiles/cmTC_6f905.dir/build
make[1]: Entering directory '/root/constella-test/cryptonote/CMakeFiles/CMakeTmp'
Building C object CMakeFiles/cmTC_6f905.dir/CheckSymbolExists.c.o
/usr/bin/cc    -std=c11  -Wall -Wextra -Wpointer-arith -Wundef -Wvla -Wwrite-strings -Wno-error=extra   -Wno-error=unused-function -Wno-error=deprecated-declarations -Wno-error=sign-compare -Wno-error=strict-aliasing -Wno-error=type-limits -Wno-unused-parameter -Wno-error=unused-variable -Wno-error=undef -Wno-error=uninitialized -Wno-error=unused-result -Wlogical-op -Wno-error=maybe-uninitialized -Wno-error=clobbered -Wno-error=unused-but-set-variable -Wno-error=odr -Waggregate-return -Wnested-externs -Wold-style-definition -Wstrict-prototypes -march=native -maes    -o CMakeFiles/cmTC_6f905.dir/CheckSymbolExists.c.o   -c /root/constella-test/cryptonote/CMakeFiles/CMakeTmp/CheckSymbolExists.c
Linking C executable cmTC_6f905
/usr/bin/cmake -E cmake_link_script CMakeFiles/cmTC_6f905.dir/link.txt --verbose=1
/usr/bin/cc   -std=c11  -Wall -Wextra -Wpointer-arith -Wundef -Wvla -Wwrite-strings -Wno-error=extra   -Wno-error=unused-function -Wno-error=deprecated-declarations -Wno-error=sign-compare -Wno-error=strict-aliasing -Wno-error=type-limits -Wno-unused-parameter -Wno-error=unused-variable -Wno-error=undef -Wno-error=uninitialized -Wno-error=unused-result -Wlogical-op -Wno-error=maybe-uninitialized -Wno-error=clobbered -Wno-error=unused-but-set-variable -Wno-error=odr -Waggregate-return -Wnested-externs -Wold-style-definition -Wstrict-prototypes -march=native -maes     CMakeFiles/cmTC_6f905.dir/CheckSymbolExists.c.o  -o cmTC_6f905 -rdynamic 
CMakeFiles/cmTC_6f905.dir/CheckSymbolExists.c.o: In function `main':
CheckSymbolExists.c:(.text+0x16): undefined reference to `pthread_create'
collect2: error: ld returned 1 exit status
CMakeFiles/cmTC_6f905.dir/build.make:97: recipe for target 'cmTC_6f905' failed
make[1]: *** [cmTC_6f905] Error 1
make[1]: Leaving directory '/root/constella-test/cryptonote/CMakeFiles/CMakeTmp'
Makefile:126: recipe for target 'cmTC_6f905/fast' failed
make: *** [cmTC_6f905/fast] Error 2

File /root/constella-test/cryptonote/CMakeFiles/CMakeTmp/CheckSymbolExists.c:
/* */
#include <pthread.h>

int main(int argc, char** argv)
{
  (void)argv;
#ifndef pthread_create
  return ((int*)(&pthread_create))[argc];
#else
  (void)argc;
  return 0;
#endif
}

Determining if the function pthread_create exists in the pthreads failed with the following output:
Change Dir: /root/constella-test/cryptonote/CMakeFiles/CMakeTmp

Run Build Command:"/usr/bin/make" "cmTC_92195/fast"
/usr/bin/make -f CMakeFiles/cmTC_92195.dir/build.make CMakeFiles/cmTC_92195.dir/build
make[1]: Entering directory '/root/constella-test/cryptonote/CMakeFiles/CMakeTmp'
Building C object CMakeFiles/cmTC_92195.dir/CheckFunctionExists.c.o
/usr/bin/cc    -std=c11  -Wall -Wextra -Wpointer-arith -Wundef -Wvla -Wwrite-strings -Wno-error=extra   -Wno-error=unused-function -Wno-error=deprecated-declarations -Wno-error=sign-compare -Wno-error=strict-aliasing -Wno-error=type-limits -Wno-unused-parameter -Wno-error=unused-variable -Wno-error=undef -Wno-error=uninitialized -Wno-error=unused-result -Wlogical-op -Wno-error=maybe-uninitialized -Wno-error=clobbered -Wno-error=unused-but-set-variable -Wno-error=odr -Waggregate-return -Wnested-externs -Wold-style-definition -Wstrict-prototypes -march=native -maes -DCHECK_FUNCTION_EXISTS=pthread_create   -o CMakeFiles/cmTC_92195.dir/CheckFunctionExists.c.o   -c /usr/share/cmake-3.5/Modules/CheckFunctionExists.c
/usr/share/cmake-3.5/Modules/CheckFunctionExists.c:6:1: warning: function declaration isn’t a prototype [-Wstrict-prototypes]
 char CHECK_FUNCTION_EXISTS();
 ^
Linking C executable cmTC_92195
/usr/bin/cmake -E cmake_link_script CMakeFiles/cmTC_92195.dir/link.txt --verbose=1
/usr/bin/cc   -std=c11  -Wall -Wextra -Wpointer-arith -Wundef -Wvla -Wwrite-strings -Wno-error=extra   -Wno-error=unused-function -Wno-error=deprecated-declarations -Wno-error=sign-compare -Wno-error=strict-aliasing -Wno-error=type-limits -Wno-unused-parameter -Wno-error=unused-variable -Wno-error=undef -Wno-error=uninitialized -Wno-error=unused-result -Wlogical-op -Wno-error=maybe-uninitialized -Wno-error=clobbered -Wno-error=unused-but-set-variable -Wno-error=odr -Waggregate-return -Wnested-externs -Wold-style-definition -Wstrict-prototypes -march=native -maes -DCHECK_FUNCTION_EXISTS=pthread_create    CMakeFiles/cmTC_92195.dir/CheckFunctionExists.c.o  -o cmTC_92195 -rdynamic -lpthreads 
/usr/bin/ld: cannot find -lpthreads
collect2: error: ld returned 1 exit status
CMakeFiles/cmTC_92195.dir/build.make:97: recipe for target 'cmTC_92195' failed
make[1]: *** [cmTC_92195] Error 1
make[1]: Leaving directory '/root/constella-test/cryptonote/CMakeFiles/CMakeTmp'
Makefile:126: recipe for target 'cmTC_92195/fast' failed
make: *** [cmTC_92195/fast] Error 2


